Arguments: 
  /Users/georgemaddocks/.nvm/versions/node/v6.9.1/bin/node /Users/georgemaddocks/.nvm/versions/node/v6.9.1/bin/yarn add tape

PATH: 
  /Users/georgemaddocks/.nvm/versions/node/v6.9.1/bin:/usr/local/bin:/usr/bin:/bin:/usr/sbin:/sbin:/usr/local/MacGPG2/bin

Yarn version: 
  0.20.3

Node version: 
  6.9.1

Platform: 
  darwin x64

npm manifest: 
  {
    "name": "BankOCR",
    "version": "1.0.0",
    "description": "Coding Dojo Kata",
    "main": "index.js",
    "repository": "https://github.com/gwpmad/bank-ocr.git",
    "author": "gwpmad",
    "license": "MIT"
  }

yarn manifest: 
  No manifest

Lockfile: 
  No lockfile

Trace: 
  Error: connect ETIMEDOUT 10.17.12.4:80
      at Object.exports._errnoException (util.js:1026:11)
      at exports._exceptionWithHostPort (util.js:1049:20)
      at TCPConnectWrap.afterConnect [as oncomplete] (net.js:1085:14)
